<?xml version="1.0" encoding="UTF-8"?>
<!-- Generated by org.testng.reporters.JUnitXMLReporter -->
<testsuite hostname="DESKTOP-230DGHF" ignored="0" name="Test" tests="3" failures="3" timestamp="13 Jun 2021 04:08:54 GMT" time="53.011" errors="0">
  <testcase name="TC_01_Login_With_Empty_Data" time="2.809" classname="com.alada.login.User_03_Login_Page_Object_Pattern">
    <failure type="java.lang.AssertionError" message="expected [Vui lòng nhập email ] but found [Vui lòng nhập mật khẩu]">
      <![CDATA[java.lang.AssertionError: expected [Vui lòng nhập email ] but found [Vui lòng nhập mật khẩu]
at com.alada.login.User_03_Login_Page_Object_Pattern.TC_01_Login_With_Empty_Data(User_03_Login_Page_Object_Pattern.java:46)
... Removed 31 stack frames]]>
    </failure>
  </testcase> <!-- TC_01_Login_With_Empty_Data -->
  <testcase name="TC_02_Login_With_Invalid_Emali" time="31.332" classname="com.alada.login.User_03_Login_Page_Object_Pattern">
    <failure type="org.openqa.selenium.TimeoutException" message="Expected condition failed: waiting for visibility of element located by By.xpath: //label[@id=&amp;apos;txtLoginPassword-error&amp;apos;] (tried for 30 second(s) with 500 milliseconds interval)
Build info: version: &amp;apos;3.141.59&amp;apos;, revision: &amp;apos;e82be7d358&amp;apos;, time: &amp;apos;2018-11-14T08:25:53&amp;apos;
System info: host: &amp;apos;DESKTOP-230DGHF&amp;apos;, ip: &amp;apos;192.168.1.21&amp;apos;, os.name: &amp;apos;Windows 10&amp;apos;, os.arch: &amp;apos;amd64&amp;apos;, os.version: &amp;apos;10.0&amp;apos;, java.version: &amp;apos;1.8.0_271&amp;apos;
Driver info: org.openqa.selenium.firefox.FirefoxDriver
Capabilities {acceptInsecureCerts: true, browserName: firefox, browserVersion: 88.0.1, javascriptEnabled: true, moz:accessibilityChecks: false, moz:buildID: 20210504152106, moz:geckodriverVersion: 0.29.1, moz:headless: false, moz:processID: 8008, moz:profile: C:\Users\Huong\AppData\Loca..., moz:shutdownTimeout: 60000, moz:useNonSpecCompliantPointerOrigin: false, moz:webdriverClick: true, pageLoadStrategy: normal, platform: WINDOWS, platformName: WINDOWS, platformVersion: 10.0, rotatable: false, setWindowRect: true, strictFileInteractability: false, timeouts: {implicit: 0, pageLoad: 300000, script: 30000}, unhandledPromptBehavior: dismiss and notify}
Session ID: f65c5f17-30ee-474a-9aa6-3485fa13f54b">
      <![CDATA[org.openqa.selenium.TimeoutException: Expected condition failed: waiting for visibility of element located by By.xpath: //label[@id='txtLoginPassword-error'] (tried for 30 second(s) with 500 milliseconds interval)
Build info: version: '3.141.59', revision: 'e82be7d358', time: '2018-11-14T08:25:53'
System info: host: 'DESKTOP-230DGHF', ip: '192.168.1.21', os.name: 'Windows 10', os.arch: 'amd64', os.version: '10.0', java.version: '1.8.0_271'
Driver info: org.openqa.selenium.firefox.FirefoxDriver
Capabilities {acceptInsecureCerts: true, browserName: firefox, browserVersion: 88.0.1, javascriptEnabled: true, moz:accessibilityChecks: false, moz:buildID: 20210504152106, moz:geckodriverVersion: 0.29.1, moz:headless: false, moz:processID: 8008, moz:profile: C:\Users\Huong\AppData\Loca..., moz:shutdownTimeout: 60000, moz:useNonSpecCompliantPointerOrigin: false, moz:webdriverClick: true, pageLoadStrategy: normal, platform: WINDOWS, platformName: WINDOWS, platformVersion: 10.0, rotatable: false, setWindowRect: true, strictFileInteractability: false, timeouts: {implicit: 0, pageLoad: 300000, script: 30000}, unhandledPromptBehavior: dismiss and notify}
Session ID: f65c5f17-30ee-474a-9aa6-3485fa13f54b
at org.openqa.selenium.support.ui.WebDriverWait.timeoutException(WebDriverWait.java:95)
at org.openqa.selenium.support.ui.FluentWait.until(FluentWait.java:272)
at commons.BasePage.waitForElementVisible(BasePage.java:362)
at pageObjects.alada.LoginPageObject.getErrorMessageAtPasswordTextbox(LoginPageObject.java:36)
at com.alada.login.User_03_Login_Page_Object_Pattern.TC_02_Login_With_Invalid_Emali(User_03_Login_Page_Object_Pattern.java:57)
... Removed 25 stack frames]]>
    </failure>
  </testcase> <!-- TC_02_Login_With_Invalid_Emali -->
  <testcase name="TC_03_Login_With_Email_Not_Register" time="2.107" classname="com.alada.login.User_03_Login_Page_Object_Pattern">
    <failure type="java.lang.AssertionError" message="expected [Email này chưa được đăng ký. ] but found [Email này chưa được đăng ký.]">
      <![CDATA[java.lang.AssertionError: expected [Email này chưa được đăng ký. ] but found [Email này chưa được đăng ký.]
at com.alada.login.User_03_Login_Page_Object_Pattern.TC_03_Login_With_Email_Not_Register(User_03_Login_Page_Object_Pattern.java:71)
... Removed 31 stack frames]]>
    </failure>
  </testcase> <!-- TC_03_Login_With_Email_Not_Register -->
</testsuite> <!-- Test -->
