<?xml version="1.0" encoding="UTF-8"?>
<!-- Generated by org.testng.reporters.JUnitReportReporter -->
<testsuite skipped="0" hostname="DESKTOP-230DGHF" name="com.nopcommerce.user.User_04_Register_Login_Page_Object_Multiple_Browser" tests="12" failures="0" timestamp="27 Jun 2021 12:33:36 GMT" time="107.161" errors="1">
  <testcase name="TC_03_Verify" time="4.777" classname="com.nopcommerce.user.User_04_Register_Login_Page_Object_Multiple_Browser"/>
  <testcase name="TC_02_Login" time="4.319" classname="com.nopcommerce.user.User_04_Register_Login_Page_Object_Multiple_Browser"/>
  <testcase name="TC_02_Login" time="3.385" classname="com.nopcommerce.user.User_04_Register_Login_Page_Object_Multiple_Browser"/>
  <testcase name="TC_02_Login" time="2.832" classname="com.nopcommerce.user.User_04_Register_Login_Page_Object_Multiple_Browser"/>
  <testcase name="TC_01_Register" time="9.741" classname="com.nopcommerce.user.User_04_Register_Login_Page_Object_Multiple_Browser"/>
  <testcase name="TC_01_Register" time="9.181" classname="com.nopcommerce.user.User_04_Register_Login_Page_Object_Multiple_Browser"/>
  <testcase name="TC_03_Verify" time="3.289" classname="com.nopcommerce.user.User_04_Register_Login_Page_Object_Multiple_Browser"/>
  <testcase name="TC_03_Verify" time="40.642" classname="com.nopcommerce.user.User_04_Register_Login_Page_Object_Multiple_Browser">
    <error type="org.openqa.selenium.TimeoutException" message="Expected condition failed: waiting for element to be clickable: By.xpath: //a[@class=&#039;ico-account&#039;] (tried for 30 second(s) with 500 milliseconds interval)">
      <![CDATA[org.openqa.selenium.TimeoutException: Expected condition failed: waiting for element to be clickable: By.xpath: //a[@class='ico-account'] (tried for 30 second(s) with 500 milliseconds interval)
at org.openqa.selenium.support.ui.WebDriverWait.timeoutException(WebDriverWait.java:95)
at org.openqa.selenium.support.ui.FluentWait.until(FluentWait.java:272)
at commons.BasePage.waitForElementClickable(BasePage.java:367)
at pageObjects.nopCommerce.HomePageObject.clickToMyAccountLink(HomePageObject.java:28)
at com.nopcommerce.user.User_04_Register_Login_Page_Object_Multiple_Browser.TC_03_Verify(User_04_Register_Login_Page_Object_Multiple_Browser.java:96)
at sun.reflect.NativeMethodAccessorImpl.invoke0(Native Method)
at sun.reflect.NativeMethodAccessorImpl.invoke(Unknown Source)
at sun.reflect.DelegatingMethodAccessorImpl.invoke(Unknown Source)
at java.lang.reflect.Method.invoke(Unknown Source)
at org.testng.internal.MethodInvocationHelper.invokeMethod(MethodInvocationHelper.java:124)
at org.testng.internal.Invoker.invokeMethod(Invoker.java:583)
at org.testng.internal.Invoker.invokeTestMethod(Invoker.java:719)
at org.testng.internal.Invoker.invokeTestMethods(Invoker.java:989)
at org.testng.internal.TestMethodWorker.invokeTestMethods(TestMethodWorker.java:125)
at org.testng.internal.TestMethodWorker.run(TestMethodWorker.java:109)
at org.testng.TestRunner.privateRun(TestRunner.java:648)
at org.testng.TestRunner.run(TestRunner.java:505)
at org.testng.SuiteRunner.runTest(SuiteRunner.java:455)
at org.testng.SuiteRunner.runSequentially(SuiteRunner.java:450)
at org.testng.SuiteRunner.privateRun(SuiteRunner.java:415)
at org.testng.SuiteRunner.run(SuiteRunner.java:364)
at org.testng.SuiteRunnerWorker.runSuite(SuiteRunnerWorker.java:52)
at org.testng.SuiteRunnerWorker.run(SuiteRunnerWorker.java:84)
at org.testng.TestNG.runSuitesSequentially(TestNG.java:1208)
at org.testng.TestNG.runSuitesLocally(TestNG.java:1137)
at org.testng.TestNG.runSuites(TestNG.java:1049)
at org.testng.TestNG.run(TestNG.java:1017)
at org.testng.remote.AbstractRemoteTestNG.run(AbstractRemoteTestNG.java:115)
at org.testng.remote.RemoteTestNG.initAndRun(RemoteTestNG.java:251)
at org.testng.remote.RemoteTestNG.main(RemoteTestNG.java:77)
Caused by: org.openqa.selenium.NoSuchElementException: no such element: Unable to locate element: {"method":"xpath","selector":"//a[@class='ico-account']"}
  (Session info: chrome=89.0.4389.150)
For documentation on this error, please visit: https://www.seleniumhq.org/exceptions/no_such_element.html
Build info: version: '3.141.59', revision: 'e82be7d358', time: '2018-11-14T08:25:53'
System info: host: 'DESKTOP-230DGHF', ip: '192.168.1.21', os.name: 'Windows 10', os.arch: 'amd64', os.version: '10.0', java.version: '1.8.0_271'
Driver info: org.openqa.selenium.chrome.ChromeDriver
Capabilities {acceptInsecureCerts: false, browserName: chrome, browserVersion: 89.0.4389.150, chrome: {chromedriverVersion: 89.0.4389.23 (61b08ee2c5002..., userDataDir: C:\Users\Huong\AppData\Loca...}, goog:chromeOptions: {debuggerAddress: localhost:58372}, javascriptEnabled: true, networkConnectionEnabled: false, pageLoadStrategy: normal, platform: WINDOWS, platformName: WINDOWS, proxy: Proxy(), setWindowRect: true, strictFileInteractability: false, timeouts: {implicit: 0, pageLoad: 300000, script: 30000}, unhandledPromptBehavior: dismiss and notify, webauthn:extension:largeBlob: true, webauthn:virtualAuthenticators: true}
Session ID: dfdc837e1c96b0996fb62c3f083c3939
*** Element info: {Using=xpath, value=//a[@class='ico-account']}
at sun.reflect.NativeConstructorAccessorImpl.newInstance0(Native Method)
at sun.reflect.NativeConstructorAccessorImpl.newInstance(Unknown Source)
at sun.reflect.DelegatingConstructorAccessorImpl.newInstance(Unknown Source)
at java.lang.reflect.Constructor.newInstance(Unknown Source)
at org.openqa.selenium.remote.http.W3CHttpResponseCodec.createException(W3CHttpResponseCodec.java:187)
at org.openqa.selenium.remote.http.W3CHttpResponseCodec.decode(W3CHttpResponseCodec.java:122)
at org.openqa.selenium.remote.http.W3CHttpResponseCodec.decode(W3CHttpResponseCodec.java:49)
at org.openqa.selenium.remote.HttpCommandExecutor.execute(HttpCommandExecutor.java:158)
at org.openqa.selenium.remote.service.DriverCommandExecutor.execute(DriverCommandExecutor.java:83)
at org.openqa.selenium.remote.RemoteWebDriver.execute(RemoteWebDriver.java:552)
at org.openqa.selenium.remote.RemoteWebDriver.findElement(RemoteWebDriver.java:323)
at org.openqa.selenium.remote.RemoteWebDriver.findElementByXPath(RemoteWebDriver.java:428)
at org.openqa.selenium.By$ByXPath.findElement(By.java:353)
at org.openqa.selenium.remote.RemoteWebDriver.findElement(RemoteWebDriver.java:315)
at org.openqa.selenium.support.ui.ExpectedConditions$7.apply(ExpectedConditions.java:205)
at org.openqa.selenium.support.ui.ExpectedConditions$7.apply(ExpectedConditions.java:201)
at org.openqa.selenium.support.ui.ExpectedConditions$22.apply(ExpectedConditions.java:641)
at org.openqa.selenium.support.ui.ExpectedConditions$22.apply(ExpectedConditions.java:638)
at org.openqa.selenium.support.ui.FluentWait.until(FluentWait.java:249)
... 28 more
]]>
    </error>
  </testcase> <!-- TC_03_Verify -->
  <testcase name="TC_01_Register" time="10.770" classname="com.nopcommerce.user.User_04_Register_Login_Page_Object_Multiple_Browser"/>
  <testcase name="TC_02_Login" time="2.411" classname="com.nopcommerce.user.User_04_Register_Login_Page_Object_Multiple_Browser"/>
  <testcase name="TC_03_Verify" time="4.614" classname="com.nopcommerce.user.User_04_Register_Login_Page_Object_Multiple_Browser"/>
  <testcase name="TC_01_Register" time="11.200" classname="com.nopcommerce.user.User_04_Register_Login_Page_Object_Multiple_Browser"/>
</testsuite> <!-- com.nopcommerce.user.User_04_Register_Login_Page_Object_Multiple_Browser -->
